2019-09-20 13:12:48,932 INFO [restartedMain] com.jingshuiqi.Application [StartupInfoLogger.java : 50] Starting Application on SKY-20180405IZN with PID 2464 (D:\YGY\jingshuiqi_sp\target\classes started by Administrator in D:\YGY\jingshuiqi_sp)
2019-09-20 13:12:48,934 INFO [restartedMain] com.jingshuiqi.Application [SpringApplication.java : 650] The following profiles are active: mybatis,mybatis-config-javaconfig,mybatis-mapping-xml
2019-09-20 13:12:49,100 INFO [restartedMain] o.s.b.d.e.DevToolsPropertyDefaultsPostProcessor [DeferredLog.java : 225] Devtools property defaults active! Set 'spring.devtools.add-properties' to 'false' to disable
2019-09-20 13:12:49,101 INFO [restartedMain] o.s.b.d.e.DevToolsPropertyDefaultsPostProcessor [DeferredLog.java : 225] For additional web related logging consider setting the 'logging.level.web' property to 'DEBUG'
2019-09-20 13:12:49,815 INFO [restartedMain] o.s.d.r.c.RepositoryConfigurationDelegate [RepositoryConfigurationDelegate.java : 244] Multiple Spring Data modules found, entering strict repository configuration mode!
2019-09-20 13:12:49,816 INFO [restartedMain] o.s.d.r.c.RepositoryConfigurationDelegate [RepositoryConfigurationDelegate.java : 126] Bootstrapping Spring Data repositories in DEFAULT mode.
2019-09-20 13:12:49,842 INFO [restartedMain] o.s.d.r.c.RepositoryConfigurationDelegate [RepositoryConfigurationDelegate.java : 182] Finished Spring Data repository scanning in 16ms. Found 0 repository interfaces.
2019-09-20 13:12:50,136 INFO [restartedMain] o.s.c.s.PostProcessorRegistrationDelegate$BeanPostProcessorChecker [PostProcessorRegistrationDelegate.java : 330] Bean 'org.springframework.transaction.annotation.ProxyTransactionManagementConfiguration' of type [org.springframework.transaction.annotation.ProxyTransactionManagementConfiguration$$EnhancerBySpringCGLIB$$2d8a8249] is not eligible for getting processed by all BeanPostProcessors (for example: not eligible for auto-proxying)
2019-09-20 13:12:50,231 INFO [restartedMain] o.s.c.s.PostProcessorRegistrationDelegate$BeanPostProcessorChecker [PostProcessorRegistrationDelegate.java : 330] Bean 'redisConfig' of type [com.jingshuiqi.config.RedisConfig$$EnhancerBySpringCGLIB$$1f2c8347] is not eligible for getting processed by all BeanPostProcessors (for example: not eligible for auto-proxying)
2019-09-20 13:12:50,707 INFO [restartedMain] o.s.b.w.e.tomcat.TomcatWebServer [TomcatWebServer.java : 90] Tomcat initialized with port(s): 81 (http)
2019-09-20 13:12:50,719 INFO [restartedMain] o.a.coyote.http11.Http11NioProtocol [DirectJDKLog.java : 173] Initializing ProtocolHandler ["http-nio-81"]
2019-09-20 13:12:50,729 INFO [restartedMain] o.a.catalina.core.StandardService [DirectJDKLog.java : 173] Starting service [Tomcat]
2019-09-20 13:12:50,730 INFO [restartedMain] o.a.catalina.core.StandardEngine [DirectJDKLog.java : 173] Starting Servlet engine: [Apache Tomcat/9.0.21]
2019-09-20 13:12:50,828 INFO [restartedMain] o.a.c.c.C.[Tomcat].[localhost].[/] [DirectJDKLog.java : 173] Initializing Spring embedded WebApplicationContext
2019-09-20 13:12:50,828 INFO [restartedMain] o.s.web.context.ContextLoader [ServletWebServerApplicationContext.java : 283] Root WebApplicationContext: initialization completed in 1727 ms
2019-09-20 13:12:51,227 INFO [restartedMain] o.a.catalina.core.StandardService [DirectJDKLog.java : 173] Stopping service [Tomcat]
2019-09-20 13:12:51,243 INFO [restartedMain] o.s.b.a.l.ConditionEvaluationReportLoggingListener [ConditionEvaluationReportLoggingListener.java : 135] 

Error starting ApplicationContext. To display the conditions report re-run your application with 'debug' enabled.
2019-09-20 13:19:55,938 INFO [restartedMain] com.jingshuiqi.Application [StartupInfoLogger.java : 50] Starting Application on SKY-20180405IZN with PID 12132 (D:\YGY\jingshuiqi_sp\target\classes started by Administrator in D:\YGY\jingshuiqi_sp)
2019-09-20 13:19:55,940 INFO [restartedMain] com.jingshuiqi.Application [SpringApplication.java : 650] The following profiles are active: mybatis,mybatis-config-javaconfig,mybatis-mapping-xml
2019-09-20 13:19:56,109 INFO [restartedMain] o.s.b.d.e.DevToolsPropertyDefaultsPostProcessor [DeferredLog.java : 225] Devtools property defaults active! Set 'spring.devtools.add-properties' to 'false' to disable
2019-09-20 13:19:56,110 INFO [restartedMain] o.s.b.d.e.DevToolsPropertyDefaultsPostProcessor [DeferredLog.java : 225] For additional web related logging consider setting the 'logging.level.web' property to 'DEBUG'
2019-09-20 13:19:56,826 INFO [restartedMain] o.s.d.r.c.RepositoryConfigurationDelegate [RepositoryConfigurationDelegate.java : 244] Multiple Spring Data modules found, entering strict repository configuration mode!
2019-09-20 13:19:56,828 INFO [restartedMain] o.s.d.r.c.RepositoryConfigurationDelegate [RepositoryConfigurationDelegate.java : 126] Bootstrapping Spring Data repositories in DEFAULT mode.
2019-09-20 13:19:56,853 INFO [restartedMain] o.s.d.r.c.RepositoryConfigurationDelegate [RepositoryConfigurationDelegate.java : 182] Finished Spring Data repository scanning in 17ms. Found 0 repository interfaces.
2019-09-20 13:19:57,156 INFO [restartedMain] o.s.c.s.PostProcessorRegistrationDelegate$BeanPostProcessorChecker [PostProcessorRegistrationDelegate.java : 330] Bean 'org.springframework.transaction.annotation.ProxyTransactionManagementConfiguration' of type [org.springframework.transaction.annotation.ProxyTransactionManagementConfiguration$$EnhancerBySpringCGLIB$$daedcceb] is not eligible for getting processed by all BeanPostProcessors (for example: not eligible for auto-proxying)
2019-09-20 13:19:57,241 INFO [restartedMain] o.s.c.s.PostProcessorRegistrationDelegate$BeanPostProcessorChecker [PostProcessorRegistrationDelegate.java : 330] Bean 'redisConfig' of type [com.jingshuiqi.config.RedisConfig$$EnhancerBySpringCGLIB$$cc8fcde9] is not eligible for getting processed by all BeanPostProcessors (for example: not eligible for auto-proxying)
2019-09-20 13:19:57,718 INFO [restartedMain] o.s.b.w.e.tomcat.TomcatWebServer [TomcatWebServer.java : 90] Tomcat initialized with port(s): 81 (http)
2019-09-20 13:19:57,730 INFO [restartedMain] o.a.coyote.http11.Http11NioProtocol [DirectJDKLog.java : 173] Initializing ProtocolHandler ["http-nio-81"]
2019-09-20 13:19:57,740 INFO [restartedMain] o.a.catalina.core.StandardService [DirectJDKLog.java : 173] Starting service [Tomcat]
2019-09-20 13:19:57,740 INFO [restartedMain] o.a.catalina.core.StandardEngine [DirectJDKLog.java : 173] Starting Servlet engine: [Apache Tomcat/9.0.21]
2019-09-20 13:19:57,834 INFO [restartedMain] o.a.c.c.C.[Tomcat].[localhost].[/] [DirectJDKLog.java : 173] Initializing Spring embedded WebApplicationContext
2019-09-20 13:19:57,835 INFO [restartedMain] o.s.web.context.ContextLoader [ServletWebServerApplicationContext.java : 283] Root WebApplicationContext: initialization completed in 1725 ms
2019-09-20 13:19:58,252 INFO [restartedMain] o.a.catalina.core.StandardService [DirectJDKLog.java : 173] Stopping service [Tomcat]
2019-09-20 13:19:58,266 INFO [restartedMain] o.s.b.a.l.ConditionEvaluationReportLoggingListener [ConditionEvaluationReportLoggingListener.java : 135] 

Error starting ApplicationContext. To display the conditions report re-run your application with 'debug' enabled.
2019-09-20 13:42:09,122 INFO [restartedMain] com.jingshuiqi.Application [StartupInfoLogger.java : 50] Starting Application on SKY-20180405IZN with PID 4156 (D:\YGY\jingshuiqi_sp\target\classes started by Administrator in D:\YGY\jingshuiqi_sp)
2019-09-20 13:42:09,123 INFO [restartedMain] com.jingshuiqi.Application [SpringApplication.java : 650] The following profiles are active: mybatis,mybatis-config-javaconfig,mybatis-mapping-xml
2019-09-20 13:42:09,291 INFO [restartedMain] o.s.b.d.e.DevToolsPropertyDefaultsPostProcessor [DeferredLog.java : 225] Devtools property defaults active! Set 'spring.devtools.add-properties' to 'false' to disable
2019-09-20 13:42:09,291 INFO [restartedMain] o.s.b.d.e.DevToolsPropertyDefaultsPostProcessor [DeferredLog.java : 225] For additional web related logging consider setting the 'logging.level.web' property to 'DEBUG'
2019-09-20 13:42:09,989 INFO [restartedMain] o.s.d.r.c.RepositoryConfigurationDelegate [RepositoryConfigurationDelegate.java : 244] Multiple Spring Data modules found, entering strict repository configuration mode!
2019-09-20 13:42:09,990 INFO [restartedMain] o.s.d.r.c.RepositoryConfigurationDelegate [RepositoryConfigurationDelegate.java : 126] Bootstrapping Spring Data repositories in DEFAULT mode.
2019-09-20 13:42:10,016 INFO [restartedMain] o.s.d.r.c.RepositoryConfigurationDelegate [RepositoryConfigurationDelegate.java : 182] Finished Spring Data repository scanning in 18ms. Found 0 repository interfaces.
2019-09-20 13:42:10,310 INFO [restartedMain] o.s.c.s.PostProcessorRegistrationDelegate$BeanPostProcessorChecker [PostProcessorRegistrationDelegate.java : 330] Bean 'org.springframework.transaction.annotation.ProxyTransactionManagementConfiguration' of type [org.springframework.transaction.annotation.ProxyTransactionManagementConfiguration$$EnhancerBySpringCGLIB$$b3b20617] is not eligible for getting processed by all BeanPostProcessors (for example: not eligible for auto-proxying)
2019-09-20 13:42:10,400 INFO [restartedMain] o.s.c.s.PostProcessorRegistrationDelegate$BeanPostProcessorChecker [PostProcessorRegistrationDelegate.java : 330] Bean 'redisConfig' of type [com.jingshuiqi.config.RedisConfig$$EnhancerBySpringCGLIB$$a5540715] is not eligible for getting processed by all BeanPostProcessors (for example: not eligible for auto-proxying)
2019-09-20 13:42:10,877 INFO [restartedMain] o.s.b.w.e.tomcat.TomcatWebServer [TomcatWebServer.java : 90] Tomcat initialized with port(s): 81 (http)
2019-09-20 13:42:10,888 INFO [restartedMain] o.a.coyote.http11.Http11NioProtocol [DirectJDKLog.java : 173] Initializing ProtocolHandler ["http-nio-81"]
2019-09-20 13:42:10,898 INFO [restartedMain] o.a.catalina.core.StandardService [DirectJDKLog.java : 173] Starting service [Tomcat]
2019-09-20 13:42:10,899 INFO [restartedMain] o.a.catalina.core.StandardEngine [DirectJDKLog.java : 173] Starting Servlet engine: [Apache Tomcat/9.0.21]
2019-09-20 13:42:10,993 INFO [restartedMain] o.a.c.c.C.[Tomcat].[localhost].[/] [DirectJDKLog.java : 173] Initializing Spring embedded WebApplicationContext
2019-09-20 13:42:10,994 INFO [restartedMain] o.s.web.context.ContextLoader [ServletWebServerApplicationContext.java : 283] Root WebApplicationContext: initialization completed in 1702 ms
2019-09-20 13:42:11,412 INFO [restartedMain] o.a.catalina.core.StandardService [DirectJDKLog.java : 173] Stopping service [Tomcat]
2019-09-20 13:42:11,426 INFO [restartedMain] o.s.b.a.l.ConditionEvaluationReportLoggingListener [ConditionEvaluationReportLoggingListener.java : 135] 

Error starting ApplicationContext. To display the conditions report re-run your application with 'debug' enabled.
2019-09-20 13:57:46,225 INFO [restartedMain] com.jingshuiqi.Application [StartupInfoLogger.java : 50] Starting Application on SKY-20180405IZN with PID 1460 (D:\YGY\jingshuiqi_sp\target\classes started by Administrator in D:\YGY\jingshuiqi_sp)
2019-09-20 13:57:46,226 INFO [restartedMain] com.jingshuiqi.Application [SpringApplication.java : 650] The following profiles are active: mybatis,mybatis-config-javaconfig,mybatis-mapping-xml
2019-09-20 13:57:46,427 INFO [restartedMain] o.s.b.d.e.DevToolsPropertyDefaultsPostProcessor [DeferredLog.java : 225] Devtools property defaults active! Set 'spring.devtools.add-properties' to 'false' to disable
2019-09-20 13:57:46,428 INFO [restartedMain] o.s.b.d.e.DevToolsPropertyDefaultsPostProcessor [DeferredLog.java : 225] For additional web related logging consider setting the 'logging.level.web' property to 'DEBUG'
2019-09-20 13:57:47,115 INFO [restartedMain] o.s.d.r.c.RepositoryConfigurationDelegate [RepositoryConfigurationDelegate.java : 244] Multiple Spring Data modules found, entering strict repository configuration mode!
2019-09-20 13:57:47,117 INFO [restartedMain] o.s.d.r.c.RepositoryConfigurationDelegate [RepositoryConfigurationDelegate.java : 126] Bootstrapping Spring Data repositories in DEFAULT mode.
2019-09-20 13:57:47,142 INFO [restartedMain] o.s.d.r.c.RepositoryConfigurationDelegate [RepositoryConfigurationDelegate.java : 182] Finished Spring Data repository scanning in 17ms. Found 0 repository interfaces.
2019-09-20 13:57:47,454 INFO [restartedMain] o.s.c.s.PostProcessorRegistrationDelegate$BeanPostProcessorChecker [PostProcessorRegistrationDelegate.java : 330] Bean 'org.springframework.transaction.annotation.ProxyTransactionManagementConfiguration' of type [org.springframework.transaction.annotation.ProxyTransactionManagementConfiguration$$EnhancerBySpringCGLIB$$4e673e1e] is not eligible for getting processed by all BeanPostProcessors (for example: not eligible for auto-proxying)
2019-09-20 13:57:47,543 INFO [restartedMain] o.s.c.s.PostProcessorRegistrationDelegate$BeanPostProcessorChecker [PostProcessorRegistrationDelegate.java : 330] Bean 'redisConfig' of type [com.jingshuiqi.config.RedisConfig$$EnhancerBySpringCGLIB$$40093f1c] is not eligible for getting processed by all BeanPostProcessors (for example: not eligible for auto-proxying)
2019-09-20 13:57:48,001 INFO [restartedMain] o.s.b.w.e.tomcat.TomcatWebServer [TomcatWebServer.java : 90] Tomcat initialized with port(s): 81 (http)
2019-09-20 13:57:48,013 INFO [restartedMain] o.a.coyote.http11.Http11NioProtocol [DirectJDKLog.java : 173] Initializing ProtocolHandler ["http-nio-81"]
2019-09-20 13:57:48,023 INFO [restartedMain] o.a.catalina.core.StandardService [DirectJDKLog.java : 173] Starting service [Tomcat]
2019-09-20 13:57:48,023 INFO [restartedMain] o.a.catalina.core.StandardEngine [DirectJDKLog.java : 173] Starting Servlet engine: [Apache Tomcat/9.0.21]
2019-09-20 13:57:48,118 INFO [restartedMain] o.a.c.c.C.[Tomcat].[localhost].[/] [DirectJDKLog.java : 173] Initializing Spring embedded WebApplicationContext
2019-09-20 13:57:48,118 INFO [restartedMain] o.s.web.context.ContextLoader [ServletWebServerApplicationContext.java : 283] Root WebApplicationContext: initialization completed in 1690 ms
2019-09-20 13:57:48,540 INFO [restartedMain] o.a.catalina.core.StandardService [DirectJDKLog.java : 173] Stopping service [Tomcat]
2019-09-20 13:57:48,566 INFO [restartedMain] o.s.b.a.l.ConditionEvaluationReportLoggingListener [ConditionEvaluationReportLoggingListener.java : 135] 

Error starting ApplicationContext. To display the conditions report re-run your application with 'debug' enabled.
2019-09-20 13:58:40,493 INFO [restartedMain] com.jingshuiqi.Application [StartupInfoLogger.java : 50] Starting Application on SKY-20180405IZN with PID 11268 (D:\YGY\jingshuiqi_sp\target\classes started by Administrator in D:\YGY\jingshuiqi_sp)
2019-09-20 13:58:40,495 INFO [restartedMain] com.jingshuiqi.Application [SpringApplication.java : 650] The following profiles are active: mybatis,mybatis-config-javaconfig,mybatis-mapping-xml
2019-09-20 13:58:40,661 INFO [restartedMain] o.s.b.d.e.DevToolsPropertyDefaultsPostProcessor [DeferredLog.java : 225] Devtools property defaults active! Set 'spring.devtools.add-properties' to 'false' to disable
2019-09-20 13:58:40,661 INFO [restartedMain] o.s.b.d.e.DevToolsPropertyDefaultsPostProcessor [DeferredLog.java : 225] For additional web related logging consider setting the 'logging.level.web' property to 'DEBUG'
2019-09-20 13:58:41,373 INFO [restartedMain] o.s.d.r.c.RepositoryConfigurationDelegate [RepositoryConfigurationDelegate.java : 244] Multiple Spring Data modules found, entering strict repository configuration mode!
2019-09-20 13:58:41,375 INFO [restartedMain] o.s.d.r.c.RepositoryConfigurationDelegate [RepositoryConfigurationDelegate.java : 126] Bootstrapping Spring Data repositories in DEFAULT mode.
2019-09-20 13:58:41,402 INFO [restartedMain] o.s.d.r.c.RepositoryConfigurationDelegate [RepositoryConfigurationDelegate.java : 182] Finished Spring Data repository scanning in 18ms. Found 0 repository interfaces.
2019-09-20 13:58:41,721 INFO [restartedMain] o.s.c.s.PostProcessorRegistrationDelegate$BeanPostProcessorChecker [PostProcessorRegistrationDelegate.java : 330] Bean 'org.springframework.transaction.annotation.ProxyTransactionManagementConfiguration' of type [org.springframework.transaction.annotation.ProxyTransactionManagementConfiguration$$EnhancerBySpringCGLIB$$4c17caf1] is not eligible for getting processed by all BeanPostProcessors (for example: not eligible for auto-proxying)
2019-09-20 13:58:41,806 INFO [restartedMain] o.s.c.s.PostProcessorRegistrationDelegate$BeanPostProcessorChecker [PostProcessorRegistrationDelegate.java : 330] Bean 'redisConfig' of type [com.jingshuiqi.config.RedisConfig$$EnhancerBySpringCGLIB$$3db9cbef] is not eligible for getting processed by all BeanPostProcessors (for example: not eligible for auto-proxying)
2019-09-20 13:58:42,284 INFO [restartedMain] o.s.b.w.e.tomcat.TomcatWebServer [TomcatWebServer.java : 90] Tomcat initialized with port(s): 81 (http)
2019-09-20 13:58:42,297 INFO [restartedMain] o.a.coyote.http11.Http11NioProtocol [DirectJDKLog.java : 173] Initializing ProtocolHandler ["http-nio-81"]
2019-09-20 13:58:42,307 INFO [restartedMain] o.a.catalina.core.StandardService [DirectJDKLog.java : 173] Starting service [Tomcat]
2019-09-20 13:58:42,308 INFO [restartedMain] o.a.catalina.core.StandardEngine [DirectJDKLog.java : 173] Starting Servlet engine: [Apache Tomcat/9.0.21]
2019-09-20 13:58:42,407 INFO [restartedMain] o.a.c.c.C.[Tomcat].[localhost].[/] [DirectJDKLog.java : 173] Initializing Spring embedded WebApplicationContext
2019-09-20 13:58:42,408 INFO [restartedMain] o.s.web.context.ContextLoader [ServletWebServerApplicationContext.java : 283] Root WebApplicationContext: initialization completed in 1747 ms
2019-09-20 13:58:43,673 INFO [restartedMain] s.d.s.w.PropertySourcedRequestMappingHandlerMapping [PropertySourcedRequestMappingHandlerMapping.java : 69] Mapped URL path [/v2/api-docs] onto method [public org.springframework.http.ResponseEntity<springfox.documentation.spring.web.json.Json> springfox.documentation.swagger2.web.Swagger2Controller.getDocumentation(java.lang.String,javax.servlet.http.HttpServletRequest)]
2019-09-20 13:58:44,014 INFO [restartedMain] o.s.s.c.ThreadPoolTaskExecutor [ExecutorConfigurationSupport.java : 171] Initializing ExecutorService 'applicationTaskExecutor'
2019-09-20 13:58:44,071 INFO [restartedMain] o.s.b.d.a.OptionalLiveReloadServer [OptionalLiveReloadServer.java : 57] LiveReload server is running on port 35729
2019-09-20 13:58:46,059 INFO [restartedMain] org.quartz.impl.StdSchedulerFactory [StdSchedulerFactory.java : 1208] Using default implementation for ThreadExecutor
2019-09-20 13:58:46,069 INFO [restartedMain] o.quartz.core.SchedulerSignalerImpl [SchedulerSignalerImpl.java : 61] Initialized Scheduler Signaller of type: class org.quartz.core.SchedulerSignalerImpl
2019-09-20 13:58:46,069 INFO [restartedMain] org.quartz.core.QuartzScheduler [QuartzScheduler.java : 229] Quartz Scheduler v.2.3.0 created.
2019-09-20 13:58:46,070 INFO [restartedMain] org.quartz.simpl.RAMJobStore [RAMJobStore.java : 155] RAMJobStore initialized.
2019-09-20 13:58:46,070 INFO [restartedMain] org.quartz.core.QuartzScheduler [QuartzScheduler.java : 294] Scheduler meta-data: Quartz Scheduler (v2.3.0) 'quartzScheduler' with instanceId 'NON_CLUSTERED'
  Scheduler class: 'org.quartz.core.QuartzScheduler' - running locally.
  NOT STARTED.
  Currently in standby mode.
  Number of jobs executed: 0
  Using thread pool 'org.quartz.simpl.SimpleThreadPool' - with 10 threads.
  Using job-store 'org.quartz.simpl.RAMJobStore' - which does not support persistence. and is not clustered.

2019-09-20 13:58:46,070 INFO [restartedMain] org.quartz.impl.StdSchedulerFactory [StdSchedulerFactory.java : 1362] Quartz scheduler 'quartzScheduler' initialized from an externally provided properties instance.
2019-09-20 13:58:46,070 INFO [restartedMain] org.quartz.impl.StdSchedulerFactory [StdSchedulerFactory.java : 1366] Quartz scheduler version: 2.3.0
2019-09-20 13:58:46,071 INFO [restartedMain] org.quartz.core.QuartzScheduler [QuartzScheduler.java : 2287] JobFactory set to: org.springframework.scheduling.quartz.SpringBeanJobFactory@5cfe1b04
2019-09-20 13:58:46,089 INFO [restartedMain] o.s.s.c.ThreadPoolTaskScheduler [ExecutorConfigurationSupport.java : 171] Initializing ExecutorService 'taskScheduler'
2019-09-20 13:58:46,175 INFO [restartedMain] s.d.s.w.p.DocumentationPluginsBootstrapper [DocumentationPluginsBootstrapper.java : 147] Context refreshed
2019-09-20 13:58:46,185 INFO [restartedMain] s.d.s.w.p.DocumentationPluginsBootstrapper [DocumentationPluginsBootstrapper.java : 150] Found 1 custom documentation plugin(s)
2019-09-20 13:58:46,208 INFO [restartedMain] s.d.s.w.s.ApiListingReferenceScanner [ApiListingReferenceScanner.java : 41] Scanning for api listing references
2019-09-20 13:58:46,216 INFO [restartedMain] o.s.s.quartz.SchedulerFactoryBean [SchedulerFactoryBean.java : 726] Starting Quartz Scheduler now
2019-09-20 13:58:46,217 INFO [restartedMain] org.quartz.core.QuartzScheduler [QuartzScheduler.java : 547] Scheduler quartzScheduler_$_NON_CLUSTERED started.
2019-09-20 13:58:46,226 INFO [restartedMain] o.a.coyote.http11.Http11NioProtocol [DirectJDKLog.java : 173] Starting ProtocolHandler ["http-nio-81"]
2019-09-20 13:58:46,245 INFO [restartedMain] o.s.b.w.e.tomcat.TomcatWebServer [TomcatWebServer.java : 202] Tomcat started on port(s): 81 (http) with context path ''
2019-09-20 13:58:46,247 INFO [restartedMain] com.jingshuiqi.Application [StartupInfoLogger.java : 59] Started Application in 6.07 seconds (JVM running for 7.045)
